2026-04-21 17:23:22 | PID=3469 | NAME=gnome-shell | CPU=6.03% (limit 80.00) | MEM=568868KB (limit 512000KB) | ACTION=VIOLATION | threshold breached
2026-04-21 17:23:22 | PID=3469 | NAME=gnome-shell | CPU=6.03% (limit 80.00) | MEM=568868KB (limit 512000KB) | ACTION=TERM | SIGTERM success
2026-04-21 17:23:22 | PID=4368 | NAME=brave | CPU=0.00% (limit 80.00) | MEM=807012KB (limit 512000KB) | ACTION=VIOLATION | threshold breached
2026-04-21 17:23:22 | PID=4368 | NAME=brave | CPU=0.00% (limit 80.00) | MEM=807012KB (limit 512000KB) | ACTION=ERROR | kill failed or no permission
2026-04-21 17:23:22 | PID=15158 | NAME=code | CPU=1.51% (limit 80.00) | MEM=700832KB (limit 512000KB) | ACTION=VIOLATION | threshold breached
2026-04-21 17:23:23 | PID=15158 | NAME=code | CPU=1.51% (limit 80.00) | MEM=700832KB (limit 512000KB) | ACTION=KILL | SIGTERM then SIGKILL
2026-04-21 17:23:23 | PID=33195 | NAME=brave | CPU=0.00% (limit 80.00) | MEM=854172KB (limit 512000KB) | ACTION=VIOLATION | threshold breached
2026-04-21 17:23:23 | PID=33195 | NAME=brave | CPU=0.00% (limit 80.00) | MEM=854172KB (limit 512000KB) | ACTION=ERROR | kill failed or no permission
2026-04-21 17:23:31 | PID=70109 | NAME=apport | CPU=96.84% (limit 80.00) | MEM=108460KB (limit 512000KB) | ACTION=VIOLATION | threshold breached
2026-04-21 17:23:56 | PID=72830 | NAME=code | CPU=2.55% (limit 80.00) | MEM=523280KB (limit 512000KB) | ACTION=VIOLATION | threshold breached
2026-04-21 17:23:57 | PID=72830 | NAME=code | CPU=2.55% (limit 80.00) | MEM=523280KB (limit 512000KB) | ACTION=TERM | SIGTERM success
2026-04-21 17:24:05 | PID=73736 | NAME=code | CPU=7.62% (limit 80.00) | MEM=538716KB (limit 512000KB) | ACTION=VIOLATION | threshold breached
2026-04-21 17:24:05 | PID=73736 | NAME=code | CPU=7.62% (limit 80.00) | MEM=538716KB (limit 512000KB) | ACTION=TERM | SIGTERM success
2026-04-21 17:24:13 | PID=74090 | NAME=code | CPU=7.05% (limit 80.00) | MEM=537860KB (limit 512000KB) | ACTION=VIOLATION | threshold breached
2026-04-21 17:24:13 | PID=74090 | NAME=code | CPU=7.05% (limit 80.00) | MEM=537860KB (limit 512000KB) | ACTION=TERM | SIGTERM success
2026-04-21 17:36:02 | PID=4672 | NAME=code | CPU=1.01% (limit 80.00) | MEM=561680KB (limit 512000KB) | ACTION=VIOLATION | threshold breached
2026-04-21 17:36:08 | PID=4672 | NAME=code | CPU=0.00% (limit 80.00) | MEM=561640KB (limit 512000KB) | ACTION=VIOLATION | threshold breached
2026-04-21 17:36:14 | PID=4672 | NAME=code | CPU=0.00% (limit 80.00) | MEM=561276KB (limit 512000KB) | ACTION=VIOLATION | threshold breached
2026-04-21 17:36:20 | PID=4672 | NAME=code | CPU=0.49% (limit 80.00) | MEM=561348KB (limit 512000KB) | ACTION=VIOLATION | threshold breached
2026-04-21 17:36:26 | PID=4672 | NAME=code | CPU=0.50% (limit 80.00) | MEM=562032KB (limit 512000KB) | ACTION=VIOLATION | threshold breached
2026-04-21 17:36:32 | PID=4672 | NAME=code | CPU=0.00% (limit 80.00) | MEM=561316KB (limit 512000KB) | ACTION=VIOLATION | threshold breached
2026-04-21 17:36:38 | PID=4672 | NAME=code | CPU=0.49% (limit 80.00) | MEM=561356KB (limit 512000KB) | ACTION=VIOLATION | threshold breached
2026-04-21 17:36:44 | PID=4672 | NAME=code | CPU=0.49% (limit 80.00) | MEM=561340KB (limit 512000KB) | ACTION=VIOLATION | threshold breached
2026-04-21 17:36:50 | PID=4672 | NAME=code | CPU=0.00% (limit 80.00) | MEM=561480KB (limit 512000KB) | ACTION=VIOLATION | threshold breached
2026-04-21 17:36:56 | PID=4672 | NAME=code | CPU=0.98% (limit 80.00) | MEM=561504KB (limit 512000KB) | ACTION=VIOLATION | threshold breached
2026-04-21 17:37:02 | PID=4672 | NAME=code | CPU=0.00% (limit 80.00) | MEM=561796KB (limit 512000KB) | ACTION=VIOLATION | threshold breached
2026-04-21 17:37:08 | PID=4672 | NAME=code | CPU=0.50% (limit 80.00) | MEM=561512KB (limit 512000KB) | ACTION=VIOLATION | threshold breached
2026-04-21 17:37:14 | PID=4672 | NAME=code | CPU=0.50% (limit 80.00) | MEM=561704KB (limit 512000KB) | ACTION=VIOLATION | threshold breached
2026-04-21 17:37:20 | PID=4672 | NAME=code | CPU=1.01% (limit 80.00) | MEM=561632KB (limit 512000KB) | ACTION=VIOLATION | threshold breached
2026-04-21 17:37:26 | PID=4672 | NAME=code | CPU=0.00% (limit 80.00) | MEM=561540KB (limit 512000KB) | ACTION=VIOLATION | threshold breached
2026-04-21 17:37:32 | PID=4672 | NAME=code | CPU=0.51% (limit 80.00) | MEM=561652KB (limit 512000KB) | ACTION=VIOLATION | threshold breached
2026-04-21 17:37:36 | PID=11078 | NAME=brave | CPU=5.50% (limit 80.00) | MEM=520852KB (limit 512000KB) | ACTION=VIOLATION | threshold breached
2026-04-21 17:37:38 | PID=4672 | NAME=code | CPU=0.00% (limit 80.00) | MEM=561564KB (limit 512000KB) | ACTION=VIOLATION | threshold breached
2026-04-21 17:37:42 | PID=11078 | NAME=brave | CPU=0.50% (limit 80.00) | MEM=514108KB (limit 512000KB) | ACTION=VIOLATION | threshold breached
2026-04-21 17:37:44 | PID=4672 | NAME=code | CPU=0.00% (limit 80.00) | MEM=561620KB (limit 512000KB) | ACTION=VIOLATION | threshold breached
2026-04-21 17:37:48 | PID=11078 | NAME=brave | CPU=0.50% (limit 80.00) | MEM=514180KB (limit 512000KB) | ACTION=VIOLATION | threshold breached
2026-04-21 17:37:50 | PID=4672 | NAME=code | CPU=1.01% (limit 80.00) | MEM=561592KB (limit 512000KB) | ACTION=VIOLATION | threshold breached
2026-04-21 17:37:56 | PID=4672 | NAME=code | CPU=0.50% (limit 80.00) | MEM=561600KB (limit 512000KB) | ACTION=VIOLATION | threshold breached
2026-04-21 17:38:02 | PID=4672 | NAME=code | CPU=0.51% (limit 80.00) | MEM=561600KB (limit 512000KB) | ACTION=VIOLATION | threshold breached
2026-04-21 17:38:08 | PID=4672 | NAME=code | CPU=0.00% (limit 80.00) | MEM=561616KB (limit 512000KB) | ACTION=VIOLATION | threshold breached
2026-04-21 17:38:08 | PID=10997 | NAME=brave | CPU=1.00% (limit 80.00) | MEM=541692KB (limit 512000KB) | ACTION=VIOLATION | threshold breached
2026-04-21 17:38:14 | PID=4672 | NAME=code | CPU=0.50% (limit 80.00) | MEM=561616KB (limit 512000KB) | ACTION=VIOLATION | threshold breached
2026-04-21 17:38:20 | PID=4672 | NAME=code | CPU=0.50% (limit 80.00) | MEM=561684KB (limit 512000KB) | ACTION=VIOLATION | threshold breached
2026-04-21 17:38:26 | PID=4672 | NAME=code | CPU=0.50% (limit 80.00) | MEM=561636KB (limit 512000KB) | ACTION=VIOLATION | threshold breached
2026-04-21 17:38:32 | PID=4672 | NAME=code | CPU=0.50% (limit 80.00) | MEM=561696KB (limit 512000KB) | ACTION=VIOLATION | threshold breached
2026-04-21 17:38:39 | PID=4672 | NAME=code | CPU=0.50% (limit 80.00) | MEM=561656KB (limit 512000KB) | ACTION=VIOLATION | threshold breached
2026-04-21 17:38:45 | PID=4672 | NAME=code | CPU=1.50% (limit 80.00) | MEM=562012KB (limit 512000KB) | ACTION=VIOLATION | threshold breached
2026-04-21 17:38:51 | PID=4672 | NAME=code | CPU=0.50% (limit 80.00) | MEM=561780KB (limit 512000KB) | ACTION=VIOLATION | threshold breached
2026-04-21 17:38:57 | PID=4672 | NAME=code | CPU=0.50% (limit 80.00) | MEM=561732KB (limit 512000KB) | ACTION=VIOLATION | threshold breached
2026-04-21 17:39:03 | PID=4672 | NAME=code | CPU=0.00% (limit 80.00) | MEM=561744KB (limit 512000KB) | ACTION=VIOLATION | threshold breached
2026-04-21 17:39:09 | PID=4672 | NAME=code | CPU=0.50% (limit 80.00) | MEM=561904KB (limit 512000KB) | ACTION=VIOLATION | threshold breached
2026-04-21 17:39:15 | PID=4672 | NAME=code | CPU=0.50% (limit 80.00) | MEM=561788KB (limit 512000KB) | ACTION=VIOLATION | threshold breached
2026-04-21 17:39:21 | PID=4672 | NAME=code | CPU=0.00% (limit 80.00) | MEM=561840KB (limit 512000KB) | ACTION=VIOLATION | threshold breached
2026-04-21 17:39:27 | PID=4672 | NAME=code | CPU=0.50% (limit 80.00) | MEM=561792KB (limit 512000KB) | ACTION=VIOLATION | threshold breached
2026-04-21 17:39:33 | PID=4672 | NAME=code | CPU=0.00% (limit 80.00) | MEM=561860KB (limit 512000KB) | ACTION=VIOLATION | threshold breached
2026-04-21 17:39:39 | PID=4672 | NAME=code | CPU=0.00% (limit 80.00) | MEM=561824KB (limit 512000KB) | ACTION=VIOLATION | threshold breached
2026-04-21 17:39:45 | PID=4672 | NAME=code | CPU=0.00% (limit 80.00) | MEM=561876KB (limit 512000KB) | ACTION=VIOLATION | threshold breached
2026-04-21 17:39:51 | PID=4672 | NAME=code | CPU=1.00% (limit 80.00) | MEM=561844KB (limit 512000KB) | ACTION=VIOLATION | threshold breached
2026-04-21 17:39:57 | PID=4672 | NAME=code | CPU=0.50% (limit 80.00) | MEM=561848KB (limit 512000KB) | ACTION=VIOLATION | threshold breached
2026-04-21 17:40:03 | PID=4672 | NAME=code | CPU=0.00% (limit 80.00) | MEM=561912KB (limit 512000KB) | ACTION=VIOLATION | threshold breached
2026-04-21 17:40:09 | PID=4672 | NAME=code | CPU=0.50% (limit 80.00) | MEM=562492KB (limit 512000KB) | ACTION=VIOLATION | threshold breached
2026-04-21 17:40:15 | PID=4672 | NAME=code | CPU=0.50% (limit 80.00) | MEM=562404KB (limit 512000KB) | ACTION=VIOLATION | threshold breached
2026-04-21 17:40:21 | PID=4672 | NAME=code | CPU=1.00% (limit 80.00) | MEM=562612KB (limit 512000KB) | ACTION=VIOLATION | threshold breached
2026-04-21 17:40:27 | PID=4672 | NAME=code | CPU=1.00% (limit 80.00) | MEM=562380KB (limit 512000KB) | ACTION=VIOLATION | threshold breached
2026-04-21 17:40:33 | PID=4672 | NAME=code | CPU=0.50% (limit 80.00) | MEM=563056KB (limit 512000KB) | ACTION=VIOLATION | threshold breached
2026-04-21 17:40:39 | PID=4672 | NAME=code | CPU=1.50% (limit 80.00) | MEM=562904KB (limit 512000KB) | ACTION=VIOLATION | threshold breached
2026-04-21 17:40:45 | PID=4672 | NAME=code | CPU=0.50% (limit 80.00) | MEM=562644KB (limit 512000KB) | ACTION=VIOLATION | threshold breached
2026-04-21 17:40:51 | PID=4672 | NAME=code | CPU=0.50% (limit 80.00) | MEM=562428KB (limit 512000KB) | ACTION=VIOLATION | threshold breached
2026-04-21 17:40:57 | PID=4672 | NAME=code | CPU=0.50% (limit 80.00) | MEM=562436KB (limit 512000KB) | ACTION=VIOLATION | threshold breached
2026-04-21 17:41:03 | PID=4672 | NAME=code | CPU=0.50% (limit 80.00) | MEM=562448KB (limit 512000KB) | ACTION=VIOLATION | threshold breached
2026-04-21 17:41:09 | PID=4672 | NAME=code | CPU=0.50% (limit 80.00) | MEM=562476KB (limit 512000KB) | ACTION=VIOLATION | threshold breached
2026-04-21 17:41:15 | PID=4672 | NAME=code | CPU=1.50% (limit 80.00) | MEM=562656KB (limit 512000KB) | ACTION=VIOLATION | threshold breached
2026-04-21 17:41:21 | PID=4672 | NAME=code | CPU=0.50% (limit 80.00) | MEM=562688KB (limit 512000KB) | ACTION=VIOLATION | threshold breached
2026-04-21 17:41:27 | PID=4672 | NAME=code | CPU=0.00% (limit 80.00) | MEM=562604KB (limit 512000KB) | ACTION=VIOLATION | threshold breached
2026-04-21 17:41:33 | PID=4672 | NAME=code | CPU=0.50% (limit 80.00) | MEM=562732KB (limit 512000KB) | ACTION=VIOLATION | threshold breached
2026-04-21 17:41:39 | PID=4672 | NAME=code | CPU=0.00% (limit 80.00) | MEM=562616KB (limit 512000KB) | ACTION=VIOLATION | threshold breached
2026-04-21 17:41:45 | PID=4672 | NAME=code | CPU=0.00% (limit 80.00) | MEM=562728KB (limit 512000KB) | ACTION=VIOLATION | threshold breached
2026-04-21 17:41:51 | PID=4672 | NAME=code | CPU=0.50% (limit 80.00) | MEM=562672KB (limit 512000KB) | ACTION=VIOLATION | threshold breached
2026-04-21 17:41:57 | PID=4672 | NAME=code | CPU=1.00% (limit 80.00) | MEM=562900KB (limit 512000KB) | ACTION=VIOLATION | threshold breached
2026-04-21 17:42:03 | PID=4672 | NAME=code | CPU=0.00% (limit 80.00) | MEM=562772KB (limit 512000KB) | ACTION=VIOLATION | threshold breached
2026-04-21 17:42:09 | PID=4672 | NAME=code | CPU=0.50% (limit 80.00) | MEM=562900KB (limit 512000KB) | ACTION=VIOLATION | threshold breached
2026-04-21 17:42:15 | PID=4672 | NAME=code | CPU=0.50% (limit 80.00) | MEM=562852KB (limit 512000KB) | ACTION=VIOLATION | threshold breached
2026-04-21 17:42:21 | PID=4672 | NAME=code | CPU=0.00% (limit 80.00) | MEM=562944KB (limit 512000KB) | ACTION=VIOLATION | threshold breached
2026-04-21 17:42:27 | PID=4672 | NAME=code | CPU=0.50% (limit 80.00) | MEM=562860KB (limit 512000KB) | ACTION=VIOLATION | threshold breached
2026-04-21 17:42:34 | PID=4672 | NAME=code | CPU=0.00% (limit 80.00) | MEM=562900KB (limit 512000KB) | ACTION=VIOLATION | threshold breached
2026-04-21 17:42:40 | PID=4672 | NAME=code | CPU=0.00% (limit 80.00) | MEM=562884KB (limit 512000KB) | ACTION=VIOLATION | threshold breached
2026-04-21 17:42:46 | PID=4672 | NAME=code | CPU=0.50% (limit 80.00) | MEM=562916KB (limit 512000KB) | ACTION=VIOLATION | threshold breached
2026-04-21 17:42:52 | PID=4672 | NAME=code | CPU=0.00% (limit 80.00) | MEM=562912KB (limit 512000KB) | ACTION=VIOLATION | threshold breached
2026-04-21 17:42:58 | PID=4672 | NAME=code | CPU=0.50% (limit 80.00) | MEM=562948KB (limit 512000KB) | ACTION=VIOLATION | threshold breached
2026-04-21 17:43:04 | PID=4672 | NAME=code | CPU=0.00% (limit 80.00) | MEM=562956KB (limit 512000KB) | ACTION=VIOLATION | threshold breached
2026-04-21 17:43:10 | PID=4672 | NAME=code | CPU=1.01% (limit 80.00) | MEM=563400KB (limit 512000KB) | ACTION=VIOLATION | threshold breached
2026-04-21 17:43:16 | PID=4672 | NAME=code | CPU=0.00% (limit 80.00) | MEM=563036KB (limit 512000KB) | ACTION=VIOLATION | threshold breached
2026-04-21 17:43:22 | PID=4672 | NAME=code | CPU=0.50% (limit 80.00) | MEM=563244KB (limit 512000KB) | ACTION=VIOLATION | threshold breached
2026-04-21 17:43:28 | PID=4672 | NAME=code | CPU=0.00% (limit 80.00) | MEM=563076KB (limit 512000KB) | ACTION=VIOLATION | threshold breached
2026-04-21 17:43:34 | PID=4672 | NAME=code | CPU=0.50% (limit 80.00) | MEM=563272KB (limit 512000KB) | ACTION=VIOLATION | threshold breached
2026-04-21 17:43:40 | PID=4672 | NAME=code | CPU=0.00% (limit 80.00) | MEM=563144KB (limit 512000KB) | ACTION=VIOLATION | threshold breached
2026-04-21 17:43:46 | PID=4672 | NAME=code | CPU=1.00% (limit 80.00) | MEM=563648KB (limit 512000KB) | ACTION=VIOLATION | threshold breached
2026-04-21 17:43:52 | PID=4672 | NAME=code | CPU=0.50% (limit 80.00) | MEM=563272KB (limit 512000KB) | ACTION=VIOLATION | threshold breached
2026-04-21 17:43:58 | PID=4672 | NAME=code | CPU=0.00% (limit 80.00) | MEM=563520KB (limit 512000KB) | ACTION=VIOLATION | threshold breached
2026-04-21 17:44:04 | PID=4672 | NAME=code | CPU=0.50% (limit 80.00) | MEM=563300KB (limit 512000KB) | ACTION=VIOLATION | threshold breached
2026-04-21 17:44:10 | PID=4672 | NAME=code | CPU=0.50% (limit 80.00) | MEM=563860KB (limit 512000KB) | ACTION=VIOLATION | threshold breached
2026-04-21 17:44:16 | PID=4672 | NAME=code | CPU=0.00% (limit 80.00) | MEM=563928KB (limit 512000KB) | ACTION=VIOLATION | threshold breached
2026-04-21 17:44:22 | PID=4672 | NAME=code | CPU=0.50% (limit 80.00) | MEM=564280KB (limit 512000KB) | ACTION=VIOLATION | threshold breached
2026-04-21 17:44:28 | PID=4672 | NAME=code | CPU=0.50% (limit 80.00) | MEM=563516KB (limit 512000KB) | ACTION=VIOLATION | threshold breached
2026-04-21 17:44:34 | PID=4672 | NAME=code | CPU=0.00% (limit 80.00) | MEM=563532KB (limit 512000KB) | ACTION=VIOLATION | threshold breached
2026-04-21 17:44:40 | PID=4672 | NAME=code | CPU=0.50% (limit 80.00) | MEM=563668KB (limit 512000KB) | ACTION=VIOLATION | threshold breached
2026-04-21 17:44:46 | PID=4672 | NAME=code | CPU=0.00% (limit 80.00) | MEM=563812KB (limit 512000KB) | ACTION=VIOLATION | threshold breached
2026-04-21 17:44:52 | PID=4672 | NAME=code | CPU=0.00% (limit 80.00) | MEM=563556KB (limit 512000KB) | ACTION=VIOLATION | threshold breached
2026-04-21 17:44:58 | PID=4672 | NAME=code | CPU=1.50% (limit 80.00) | MEM=564088KB (limit 512000KB) | ACTION=VIOLATION | threshold breached
2026-04-21 17:45:04 | PID=4672 | NAME=code | CPU=0.00% (limit 80.00) | MEM=563772KB (limit 512000KB) | ACTION=VIOLATION | threshold breached
2026-04-21 17:45:10 | PID=4672 | NAME=code | CPU=0.00% (limit 80.00) | MEM=563932KB (limit 512000KB) | ACTION=VIOLATION | threshold breached
2026-04-21 17:45:16 | PID=4672 | NAME=code | CPU=0.50% (limit 80.00) | MEM=563880KB (limit 512000KB) | ACTION=VIOLATION | threshold breached
2026-04-21 17:45:22 | PID=4672 | NAME=code | CPU=0.50% (limit 80.00) | MEM=564660KB (limit 512000KB) | ACTION=VIOLATION | threshold breached
2026-04-21 17:45:28 | PID=4672 | NAME=code | CPU=0.50% (limit 80.00) | MEM=564012KB (limit 512000KB) | ACTION=VIOLATION | threshold breached
2026-04-21 17:45:34 | PID=4672 | NAME=code | CPU=0.50% (limit 80.00) | MEM=564140KB (limit 512000KB) | ACTION=VIOLATION | threshold breached
2026-04-21 17:45:40 | PID=4672 | NAME=code | CPU=1.50% (limit 80.00) | MEM=564532KB (limit 512000KB) | ACTION=VIOLATION | threshold breached
2026-04-21 17:45:46 | PID=4672 | NAME=code | CPU=0.00% (limit 80.00) | MEM=564200KB (limit 512000KB) | ACTION=VIOLATION | threshold breached
2026-04-21 17:45:52 | PID=4672 | NAME=code | CPU=0.50% (limit 80.00) | MEM=564236KB (limit 512000KB) | ACTION=VIOLATION | threshold breached
2026-04-21 17:45:58 | PID=4672 | NAME=code | CPU=0.50% (limit 80.00) | MEM=564216KB (limit 512000KB) | ACTION=VIOLATION | threshold breached
2026-04-21 17:46:04 | PID=4672 | NAME=code | CPU=0.00% (limit 80.00) | MEM=564268KB (limit 512000KB) | ACTION=VIOLATION | threshold breached
2026-04-21 17:46:10 | PID=4672 | NAME=code | CPU=0.50% (limit 80.00) | MEM=564260KB (limit 512000KB) | ACTION=VIOLATION | threshold breached
2026-04-21 17:46:16 | PID=4672 | NAME=code | CPU=0.50% (limit 80.00) | MEM=564492KB (limit 512000KB) | ACTION=VIOLATION | threshold breached
2026-04-21 17:46:22 | PID=4672 | NAME=code | CPU=0.50% (limit 80.00) | MEM=564440KB (limit 512000KB) | ACTION=VIOLATION | threshold breached
2026-04-21 17:46:28 | PID=4672 | NAME=code | CPU=0.50% (limit 80.00) | MEM=564456KB (limit 512000KB) | ACTION=VIOLATION | threshold breached
2026-04-21 17:46:35 | PID=4672 | NAME=code | CPU=0.50% (limit 80.00) | MEM=564456KB (limit 512000KB) | ACTION=VIOLATION | threshold breached
2026-04-21 17:46:41 | PID=4672 | NAME=code | CPU=0.00% (limit 80.00) | MEM=564536KB (limit 512000KB) | ACTION=VIOLATION | threshold breached
2026-04-21 17:46:47 | PID=4672 | NAME=code | CPU=0.00% (limit 80.00) | MEM=564460KB (limit 512000KB) | ACTION=VIOLATION | threshold breached
2026-04-21 17:46:53 | PID=4672 | NAME=code | CPU=0.50% (limit 80.00) | MEM=564480KB (limit 512000KB) | ACTION=VIOLATION | threshold breached
2026-04-21 17:46:59 | PID=4672 | NAME=code | CPU=0.50% (limit 80.00) | MEM=564512KB (limit 512000KB) | ACTION=VIOLATION | threshold breached
2026-04-21 17:47:05 | PID=4672 | NAME=code | CPU=0.50% (limit 80.00) | MEM=564540KB (limit 512000KB) | ACTION=VIOLATION | threshold breached
2026-04-21 17:47:11 | PID=4672 | NAME=code | CPU=0.50% (limit 80.00) | MEM=564708KB (limit 512000KB) | ACTION=VIOLATION | threshold breached
2026-04-21 17:47:17 | PID=4672 | NAME=code | CPU=0.00% (limit 80.00) | MEM=564852KB (limit 512000KB) | ACTION=VIOLATION | threshold breached
2026-04-21 17:47:23 | PID=4672 | NAME=code | CPU=0.00% (limit 80.00) | MEM=564736KB (limit 512000KB) | ACTION=VIOLATION | threshold breached
2026-04-21 17:47:29 | PID=4672 | NAME=code | CPU=0.50% (limit 80.00) | MEM=564808KB (limit 512000KB) | ACTION=VIOLATION | threshold breached
2026-04-21 17:47:35 | PID=4672 | NAME=code | CPU=0.50% (limit 80.00) | MEM=564752KB (limit 512000KB) | ACTION=VIOLATION | threshold breached
2026-04-21 17:47:41 | PID=4672 | NAME=code | CPU=0.50% (limit 80.00) | MEM=564836KB (limit 512000KB) | ACTION=VIOLATION | threshold breached
2026-04-21 17:47:47 | PID=4672 | NAME=code | CPU=0.50% (limit 80.00) | MEM=564780KB (limit 512000KB) | ACTION=VIOLATION | threshold breached
2026-04-21 17:47:53 | PID=4672 | NAME=code | CPU=0.00% (limit 80.00) | MEM=564852KB (limit 512000KB) | ACTION=VIOLATION | threshold breached
2026-04-21 17:47:59 | PID=4672 | NAME=code | CPU=0.00% (limit 80.00) | MEM=564852KB (limit 512000KB) | ACTION=VIOLATION | threshold breached
2026-04-21 17:48:05 | PID=4672 | NAME=code | CPU=0.50% (limit 80.00) | MEM=565092KB (limit 512000KB) | ACTION=VIOLATION | threshold breached
2026-04-21 17:48:11 | PID=4672 | NAME=code | CPU=0.00% (limit 80.00) | MEM=564856KB (limit 512000KB) | ACTION=VIOLATION | threshold breached
2026-04-21 17:48:17 | PID=4672 | NAME=code | CPU=0.00% (limit 80.00) | MEM=564820KB (limit 512000KB) | ACTION=VIOLATION | threshold breached
2026-04-21 17:48:23 | PID=4672 | NAME=code | CPU=0.00% (limit 80.00) | MEM=564892KB (limit 512000KB) | ACTION=VIOLATION | threshold breached
2026-04-21 17:48:29 | PID=4672 | NAME=code | CPU=0.50% (limit 80.00) | MEM=564852KB (limit 512000KB) | ACTION=VIOLATION | threshold breached
2026-04-21 17:48:35 | PID=4672 | NAME=code | CPU=0.00% (limit 80.00) | MEM=564904KB (limit 512000KB) | ACTION=VIOLATION | threshold breached
2026-04-21 17:48:41 | PID=4672 | NAME=code | CPU=0.00% (limit 80.00) | MEM=565192KB (limit 512000KB) | ACTION=VIOLATION | threshold breached
2026-04-21 17:48:47 | PID=4672 | NAME=code | CPU=0.50% (limit 80.00) | MEM=564876KB (limit 512000KB) | ACTION=VIOLATION | threshold breached
2026-04-21 17:48:53 | PID=4672 | NAME=code | CPU=0.50% (limit 80.00) | MEM=564996KB (limit 512000KB) | ACTION=VIOLATION | threshold breached
2026-04-21 17:48:59 | PID=4672 | NAME=code | CPU=0.00% (limit 80.00) | MEM=564908KB (limit 512000KB) | ACTION=VIOLATION | threshold breached
2026-04-21 17:49:05 | PID=4672 | NAME=code | CPU=0.00% (limit 80.00) | MEM=564964KB (limit 512000KB) | ACTION=VIOLATION | threshold breached
2026-04-21 17:49:11 | PID=4672 | NAME=code | CPU=0.50% (limit 80.00) | MEM=565124KB (limit 512000KB) | ACTION=VIOLATION | threshold breached
2026-04-21 17:49:17 | PID=4672 | NAME=code | CPU=0.50% (limit 80.00) | MEM=565312KB (limit 512000KB) | ACTION=VIOLATION | threshold breached
2026-04-21 17:49:23 | PID=4672 | NAME=code | CPU=0.50% (limit 80.00) | MEM=565140KB (limit 512000KB) | ACTION=VIOLATION | threshold breached
2026-04-21 17:49:29 | PID=4672 | NAME=code | CPU=0.50% (limit 80.00) | MEM=565196KB (limit 512000KB) | ACTION=VIOLATION | threshold breached
2026-04-21 17:49:35 | PID=4672 | NAME=code | CPU=0.00% (limit 80.00) | MEM=565152KB (limit 512000KB) | ACTION=VIOLATION | threshold breached
2026-04-21 17:49:41 | PID=4672 | NAME=code | CPU=0.00% (limit 80.00) | MEM=565300KB (limit 512000KB) | ACTION=VIOLATION | threshold breached
2026-04-21 17:49:47 | PID=4672 | NAME=code | CPU=0.50% (limit 80.00) | MEM=565240KB (limit 512000KB) | ACTION=VIOLATION | threshold breached
2026-04-21 17:49:53 | PID=4672 | NAME=code | CPU=0.50% (limit 80.00) | MEM=565188KB (limit 512000KB) | ACTION=VIOLATION | threshold breached
2026-04-21 17:49:59 | PID=4672 | NAME=code | CPU=0.00% (limit 80.00) | MEM=565188KB (limit 512000KB) | ACTION=VIOLATION | threshold breached
2026-04-21 17:50:05 | PID=4672 | NAME=code | CPU=0.50% (limit 80.00) | MEM=565188KB (limit 512000KB) | ACTION=VIOLATION | threshold breached
2026-04-21 17:50:11 | PID=4672 | NAME=code | CPU=0.50% (limit 80.00) | MEM=565172KB (limit 512000KB) | ACTION=VIOLATION | threshold breached
2026-04-21 17:50:17 | PID=4672 | NAME=code | CPU=0.00% (limit 80.00) | MEM=565188KB (limit 512000KB) | ACTION=VIOLATION | threshold breached
2026-04-21 17:50:23 | PID=4672 | NAME=code | CPU=0.00% (limit 80.00) | MEM=565196KB (limit 512000KB) | ACTION=VIOLATION | threshold breached
2026-04-21 17:50:30 | PID=4672 | NAME=code | CPU=1.00% (limit 80.00) | MEM=565224KB (limit 512000KB) | ACTION=VIOLATION | threshold breached
2026-04-21 17:50:36 | PID=4672 | NAME=code | CPU=0.00% (limit 80.00) | MEM=565212KB (limit 512000KB) | ACTION=VIOLATION | threshold breached
2026-04-21 17:50:42 | PID=4672 | NAME=code | CPU=0.50% (limit 80.00) | MEM=565312KB (limit 512000KB) | ACTION=VIOLATION | threshold breached
2026-04-21 17:50:48 | PID=4672 | NAME=code | CPU=0.50% (limit 80.00) | MEM=565224KB (limit 512000KB) | ACTION=VIOLATION | threshold breached
2026-04-21 17:50:54 | PID=4672 | NAME=code | CPU=0.50% (limit 80.00) | MEM=565260KB (limit 512000KB) | ACTION=VIOLATION | threshold breached
2026-04-21 17:51:00 | PID=4672 | NAME=code | CPU=0.50% (limit 80.00) | MEM=565340KB (limit 512000KB) | ACTION=VIOLATION | threshold breached
2026-04-21 17:51:06 | PID=4672 | NAME=code | CPU=0.50% (limit 80.00) | MEM=565272KB (limit 512000KB) | ACTION=VIOLATION | threshold breached
2026-04-21 17:51:12 | PID=4672 | NAME=code | CPU=0.00% (limit 80.00) | MEM=565268KB (limit 512000KB) | ACTION=VIOLATION | threshold breached
2026-04-21 17:51:18 | PID=4672 | NAME=code | CPU=0.00% (limit 80.00) | MEM=565496KB (limit 512000KB) | ACTION=VIOLATION | threshold breached
2026-04-21 17:51:24 | PID=4672 | NAME=code | CPU=0.50% (limit 80.00) | MEM=565336KB (limit 512000KB) | ACTION=VIOLATION | threshold breached
2026-04-21 17:51:30 | PID=4672 | NAME=code | CPU=0.00% (limit 80.00) | MEM=565436KB (limit 512000KB) | ACTION=VIOLATION | threshold breached
2026-04-21 18:03:54 | PID=4672 | NAME=code | CPU=3.51% (limit 80.00) | MEM=764576KB (limit 512000KB) | ACTION=VIOLATION | threshold breached
2026-04-21 18:03:54 | PID=4672 | NAME=code | CPU=3.51% (limit 80.00) | MEM=764576KB (limit 512000KB) | ACTION=PENDING | manual mode enabled
2026-04-21 18:03:54 | PID=20588 | NAME=brave | CPU=12.53% (limit 80.00) | MEM=522336KB (limit 512000KB) | ACTION=VIOLATION | threshold breached
2026-04-21 18:03:54 | PID=20588 | NAME=brave | CPU=12.53% (limit 80.00) | MEM=522336KB (limit 512000KB) | ACTION=PENDING | manual mode enabled
2026-04-21 18:04:00 | PID=4672 | NAME=code | CPU=0.50% (limit 80.00) | MEM=765768KB (limit 512000KB) | ACTION=VIOLATION | threshold breached
2026-04-21 18:04:00 | PID=4672 | NAME=code | CPU=0.50% (limit 80.00) | MEM=765768KB (limit 512000KB) | ACTION=PENDING | manual mode enabled
2026-04-21 18:04:00 | PID=20588 | NAME=brave | CPU=11.99% (limit 80.00) | MEM=531256KB (limit 512000KB) | ACTION=VIOLATION | threshold breached
2026-04-21 18:04:00 | PID=20588 | NAME=brave | CPU=11.99% (limit 80.00) | MEM=531256KB (limit 512000KB) | ACTION=PENDING | manual mode enabled
2026-04-21 18:04:06 | PID=4672 | NAME=code | CPU=7.51% (limit 80.00) | MEM=748584KB (limit 512000KB) | ACTION=VIOLATION | threshold breached
2026-04-21 18:04:06 | PID=4672 | NAME=code | CPU=7.51% (limit 80.00) | MEM=748584KB (limit 512000KB) | ACTION=PENDING | manual mode enabled
2026-04-21 18:04:06 | PID=20588 | NAME=brave | CPU=11.52% (limit 80.00) | MEM=527848KB (limit 512000KB) | ACTION=VIOLATION | threshold breached
2026-04-21 18:04:06 | PID=20588 | NAME=brave | CPU=11.52% (limit 80.00) | MEM=527848KB (limit 512000KB) | ACTION=PENDING | manual mode enabled
2026-04-21 18:05:24 | PID=4672 | NAME=code | CPU=3.52% (limit 80.00) | MEM=757928KB (limit 512000KB) | ACTION=VIOLATION | threshold breached
2026-04-21 18:05:25 | PID=4672 | NAME=code | CPU=3.52% (limit 80.00) | MEM=757928KB (limit 512000KB) | ACTION=TERM | SIGTERM success
2026-04-21 18:05:33 | PID=4384 | NAME=code | CPU=22.30% (limit 80.00) | MEM=570960KB (limit 512000KB) | ACTION=VIOLATION | threshold breached
2026-04-21 18:05:33 | PID=4384 | NAME=code | CPU=22.30% (limit 80.00) | MEM=570960KB (limit 512000KB) | ACTION=TERM | SIGTERM success
2026-04-21 18:05:33 | PID=20588 | NAME=brave | CPU=38.51% (limit 80.00) | MEM=513356KB (limit 512000KB) | ACTION=VIOLATION | threshold breached
2026-04-21 18:05:33 | PID=20588 | NAME=brave | CPU=38.51% (limit 80.00) | MEM=513356KB (limit 512000KB) | ACTION=TERM | SIGTERM success
2026-04-21 18:05:33 | PID=22156 | NAME=code | CPU=16.22% (limit 80.00) | MEM=610820KB (limit 512000KB) | ACTION=VIOLATION | threshold breached
2026-04-21 18:05:33 | PID=22156 | NAME=code | CPU=16.22% (limit 80.00) | MEM=610820KB (limit 512000KB) | ACTION=ERROR | kill failed or no permission
2026-04-21 18:05:49 | PID=22565 | NAME=code | CPU=33.95% (limit 80.00) | MEM=513548KB (limit 512000KB) | ACTION=VIOLATION | threshold breached
2026-04-21 18:05:49 | PID=22565 | NAME=code | CPU=33.95% (limit 80.00) | MEM=513548KB (limit 512000KB) | ACTION=TERM | SIGTERM success
2026-04-21 18:05:49 | PID=22591 | NAME=code | CPU=21.79% (limit 80.00) | MEM=527748KB (limit 512000KB) | ACTION=VIOLATION | threshold breached
2026-04-21 18:05:49 | PID=22591 | NAME=code | CPU=21.79% (limit 80.00) | MEM=527748KB (limit 512000KB) | ACTION=ERROR | kill failed or no permission
2026-04-21 18:06:05 | PID=22947 | NAME=code | CPU=8.03% (limit 80.00) | MEM=525076KB (limit 512000KB) | ACTION=VIOLATION | threshold breached
2026-04-21 18:06:06 | PID=22947 | NAME=code | CPU=8.03% (limit 80.00) | MEM=525076KB (limit 512000KB) | ACTION=TERM | SIGTERM success
2026-04-21 18:06:14 | PID=23266 | NAME=code | CPU=4.52% (limit 80.00) | MEM=524092KB (limit 512000KB) | ACTION=VIOLATION | threshold breached
2026-04-21 18:06:14 | PID=23266 | NAME=code | CPU=4.52% (limit 80.00) | MEM=524092KB (limit 512000KB) | ACTION=TERM | SIGTERM success
2026-04-21 18:06:22 | PID=23598 | NAME=code | CPU=17.11% (limit 80.00) | MEM=568396KB (limit 512000KB) | ACTION=VIOLATION | threshold breached
2026-04-21 18:06:22 | PID=23598 | NAME=code | CPU=17.11% (limit 80.00) | MEM=568396KB (limit 512000KB) | ACTION=TERM | SIGTERM success
2026-04-21 18:06:26 | PID=22914 | NAME=code | CPU=3.00% (limit 80.00) | MEM=527872KB (limit 512000KB) | ACTION=VIOLATION | threshold breached
2026-04-21 18:06:26 | PID=22914 | NAME=code | CPU=3.00% (limit 80.00) | MEM=527872KB (limit 512000KB) | ACTION=TERM | SIGTERM success
2026-04-21 18:08:35 | PID=4943 | NAME=code | CPU=0.00% (limit 80.00) | MEM=525752KB (limit 512000KB) | ACTION=VIOLATION | threshold breached
2026-04-21 18:08:35 | PID=4943 | NAME=code | CPU=0.00% (limit 80.00) | MEM=525752KB (limit 512000KB) | ACTION=TERM | SIGTERM success
2026-04-21 18:08:43 | PID=6219 | NAME=code | CPU=4.94% (limit 80.00) | MEM=538700KB (limit 512000KB) | ACTION=VIOLATION | threshold breached
2026-04-21 18:08:44 | PID=6219 | NAME=code | CPU=4.94% (limit 80.00) | MEM=538700KB (limit 512000KB) | ACTION=TERM | SIGTERM success
2026-04-21 18:08:52 | PID=6655 | NAME=code | CPU=4.30% (limit 80.00) | MEM=536648KB (limit 512000KB) | ACTION=VIOLATION | threshold breached
2026-04-21 18:08:52 | PID=6655 | NAME=code | CPU=4.30% (limit 80.00) | MEM=536648KB (limit 512000KB) | ACTION=TERM | SIGTERM success
